<?xml version="1.0" encoding="UTF-8"?>
<!-- Generated by org.testng.reporters.JUnitXMLReporter -->
<testsuite ignored="0" hostname="LTIN690053" failures="0" tests="3" name="Default test" time="28.565" errors="0" timestamp="2026-04-10T14:12:00 IST">
  <testcase classname="Test.AlertHandling" name="test_ForgotPassword_NextWithoutInput_ShowsAlert_And_VerifyText" time="8.125"/>
  <testcase classname="Test.AlertHandling" name="test_PrivacyPolicy_OpensInNewTab_And_Verify" time="4.717"/>
  <testcase classname="Test.AlertHandling" name="test_SignIn_EmptyFields_ShowsAlert_And_VerifyText" time="1.766"/>
</testsuite> <!-- Default test -->
