<?xml version="1.0" encoding="UTF-8"?>
<!-- Generated by org.testng.reporters.JUnitReportReporter -->
<testsuite hostname="LTIN690053" failures="0" tests="3" name="Test.AlertHandling" time="28.490" errors="0" timestamp="2026-04-10T14:12:01 IST" skipped="0">
  <testcase classname="Test.AlertHandling" name="test_SignIn_EmptyFields_ShowsAlert_And_VerifyText" time="7.628"/>
  <testcase classname="Test.AlertHandling" name="test_PrivacyPolicy_OpensInNewTab_And_Verify" time="8.835"/>
  <testcase classname="Test.AlertHandling" name="test_ForgotPassword_NextWithoutInput_ShowsAlert_And_VerifyText" time="12.027"/>
</testsuite> <!-- Test.AlertHandling -->
